<?xml version="1.0" encoding="UTF-8"?>
<!-- Generated by org.testng.reporters.JUnitReportReporter -->
<testsuite hostname="LAPTOP-RT8ROG2F" failures="0" tests="1" name="testcases.HomePageTest" time="4.686" errors="0" timestamp="23 Apr 2023 05:26:54 GMT" skipped="0">
  <testcase classname="testcases.HomePageTest" name="test3" time="4.686"/>
</testsuite> <!-- testcases.HomePageTest -->
