<?xml version="1.0" encoding="UTF-8"?>
<!-- Generated by org.testng.reporters.JUnitReportReporter -->
<testsuite skipped="0" hostname="LAPTOP-RT8ROG2F" name="testcases.LoginTest" tests="1" failures="0" timestamp="29 Apr 2023 07:27:31 GMT" time="15.544" errors="0">
  <testcase name="test4" time="15.544" classname="testcases.LoginTest"/>
</testsuite> <!-- testcases.LoginTest -->
