<?xml version="1.0" encoding="UTF-8"?>
<!-- Generated by org.testng.reporters.JUnitReportReporter -->
<testsuite skipped="0" hostname="LAPTOP-RT8ROG2F" name="testcases.HomePageTest" tests="1" failures="0" timestamp="05 May 2023 09:29:02 GMT" time="4.636" errors="0">
  <testcase name="test3" time="4.636" classname="testcases.HomePageTest"/>
</testsuite> <!-- testcases.HomePageTest -->
