<?xml version="1.0" encoding="UTF-8"?>
<!-- Generated by org.testng.reporters.JUnitReportReporter -->
<testsuite skipped="0" hostname="LAPTOP-RT8ROG2F" name="testcases.LoginTest" tests="3" failures="0" timestamp="05 May 2023 09:29:02 GMT" time="36.030" errors="0">
  <testcase name="test2" time="9.291" classname="testcases.LoginTest"/>
  <testcase name="test1" time="16.688" classname="testcases.LoginTest"/>
  <testcase name="test4" time="10.051" classname="testcases.LoginTest"/>
</testsuite> <!-- testcases.LoginTest -->
